2026-04-30 11:07:06 INFO  c.b.reserva.ReservaApplication - Starting ReservaApplication using Java 21.0.10 with PID 8628 (C:\Users\PAAPCAXXTRXX\Documents\GitHub\Biblioteca_SG\Reserva\reserva\target\classes started by PAAPCA02TR619 in C:\Users\PAAPCAXXTRXX\Documents\GitHub\Biblioteca_SG)
2026-04-30 11:07:06 DEBUG c.b.reserva.ReservaApplication - Running with Spring Boot v4.0.6, Spring v7.0.7
2026-04-30 11:07:06 INFO  c.b.reserva.ReservaApplication - No active profile set, falling back to 1 default profile: "default"
2026-04-30 11:07:07 INFO  o.s.d.r.c.RepositoryConfigurationDelegate - Bootstrapping Spring Data JPA repositories in DEFAULT mode.
2026-04-30 11:07:07 INFO  o.s.d.r.c.RepositoryConfigurationDelegate - Finished Spring Data repository scanning in 61 ms. Found 1 JPA repository interface.
2026-04-30 11:07:08 INFO  o.s.cloud.context.scope.GenericScope - BeanFactory id=91c44324-0101-32a3-904e-98e023d2462d
2026-04-30 11:07:08 INFO  o.s.boot.tomcat.TomcatWebServer - Tomcat initialized with port 8087 (http)
2026-04-30 11:07:08 INFO  o.a.catalina.core.StandardService - Starting service [Tomcat]
2026-04-30 11:07:08 INFO  o.a.catalina.core.StandardEngine - Starting Servlet engine: [Apache Tomcat/11.0.21]
2026-04-30 11:07:08 INFO  o.s.b.w.c.s.WebApplicationContextInitializer - Root WebApplicationContext: initialization completed in 2043 ms
2026-04-30 11:07:09 INFO  org.hibernate.orm.jpa - HHH008540: Processing PersistenceUnitInfo [name: default]
2026-04-30 11:07:09 INFO  org.hibernate.orm.core - HHH000001: Hibernate ORM core version 7.2.12.Final
2026-04-30 11:07:10 INFO  o.s.o.j.p.SpringPersistenceUnitInfo - No LoadTimeWeaver setup: ignoring JPA class transformer
2026-04-30 11:07:10 INFO  com.zaxxer.hikari.HikariDataSource - HikariPool-1 - Starting...
2026-04-30 11:07:10 INFO  com.zaxxer.hikari.pool.HikariPool - HikariPool-1 - Added connection oracle.jdbc.driver.T4CConnection@4ce18cec
2026-04-30 11:07:10 INFO  com.zaxxer.hikari.HikariDataSource - HikariPool-1 - Start completed.
2026-04-30 11:07:10 WARN  org.hibernate.orm.deprecation - HHH90000025: OracleDialect does not need to be specified explicitly using 'hibernate.dialect' (remove the property setting and it will be selected by default)
2026-04-30 11:07:10 WARN  org.hibernate.orm.jdbc - HHH100123: Low default JDBC fetch size: 10 (consider setting 'hibernate.jdbc.fetch_size')
2026-04-30 11:07:10 INFO  o.hibernate.orm.connections.pooling - HHH10001005: Database info:
	Database JDBC URL [jdbc:oracle:thin:@192.168.113.107:1521/xe]
	Database driver: Oracle JDBC driver
	Database dialect: OracleDialect
	Database version: 21.3
	Default catalog/schema: undefined/SG
	Autocommit mode: undefined/unknown
	Isolation level: READ_COMMITTED [default READ_COMMITTED]
	JDBC fetch size: 10
	Pool: DataSourceConnectionProvider
	Minimum pool size: undefined/unknown
	Maximum pool size: undefined/unknown
2026-04-30 11:07:11 INFO  org.hibernate.orm.core - HHH000489: No JTA platform available (set 'hibernate.transaction.jta.platform' to enable JTA platform integration)
2026-04-30 11:07:11 INFO  o.s.o.j.LocalContainerEntityManagerFactoryBean - Initialized JPA EntityManagerFactory for persistence unit 'default'
2026-04-30 11:07:11 INFO  o.s.d.j.r.q.QueryEnhancerFactories - Hibernate is in classpath; If applicable, HQL parser will be used.
2026-04-30 11:07:11 WARN  o.s.b.j.a.JpaBaseConfiguration$JpaWebConfiguration - spring.jpa.open-in-view is enabled by default. Therefore, database queries may be performed during view rendering. Explicitly configure spring.jpa.open-in-view to disable this warning
2026-04-30 11:07:11 INFO  o.s.s.c.a.a.c.InitializeUserDetailsBeanManagerConfigurer$InitializeUserDetailsManagerConfigurer - Global AuthenticationManager configured with UserDetailsService bean with name userDetailsService
2026-04-30 11:07:12 INFO  o.s.boot.tomcat.TomcatWebServer - Tomcat started on port 8087 (http) with context path '/'
2026-04-30 11:07:12 INFO  c.b.reserva.ReservaApplication - Started ReservaApplication in 6.04 seconds (process running for 6.549)
2026-04-30 13:01:39 INFO  c.b.reserva.ReservaApplication - Starting ReservaApplication using Java 21.0.10 with PID 18016 (C:\Users\PAAPCAXXTRXX\Documents\GitHub\Biblioteca_SG\Reserva\reserva\target\classes started by PAAPCA02TR619 in C:\Users\PAAPCAXXTRXX\Documents\GitHub\Biblioteca_SG)
2026-04-30 13:01:39 DEBUG c.b.reserva.ReservaApplication - Running with Spring Boot v4.0.6, Spring v7.0.7
2026-04-30 13:01:39 INFO  c.b.reserva.ReservaApplication - No active profile set, falling back to 1 default profile: "default"
2026-04-30 13:01:40 INFO  o.s.d.r.c.RepositoryConfigurationDelegate - Bootstrapping Spring Data JPA repositories in DEFAULT mode.
2026-04-30 13:01:40 INFO  o.s.d.r.c.RepositoryConfigurationDelegate - Finished Spring Data repository scanning in 42 ms. Found 1 JPA repository interface.
2026-04-30 13:01:40 INFO  o.s.cloud.context.scope.GenericScope - BeanFactory id=e2edddba-9fa4-3c15-a7b0-f1b0aa54a805
2026-04-30 13:01:41 INFO  o.s.boot.tomcat.TomcatWebServer - Tomcat initialized with port 8087 (http)
2026-04-30 13:01:41 INFO  o.a.catalina.core.StandardService - Starting service [Tomcat]
2026-04-30 13:01:41 INFO  o.a.catalina.core.StandardEngine - Starting Servlet engine: [Apache Tomcat/11.0.21]
2026-04-30 13:01:41 INFO  o.s.b.w.c.s.WebApplicationContextInitializer - Root WebApplicationContext: initialization completed in 2029 ms
2026-04-30 13:01:41 INFO  org.hibernate.orm.jpa - HHH008540: Processing PersistenceUnitInfo [name: default]
2026-04-30 13:01:42 INFO  org.hibernate.orm.core - HHH000001: Hibernate ORM core version 7.2.12.Final
2026-04-30 13:01:42 INFO  o.s.o.j.p.SpringPersistenceUnitInfo - No LoadTimeWeaver setup: ignoring JPA class transformer
2026-04-30 13:01:42 INFO  com.zaxxer.hikari.HikariDataSource - HikariPool-1 - Starting...
2026-04-30 13:01:43 INFO  com.zaxxer.hikari.pool.HikariPool - HikariPool-1 - Added connection oracle.jdbc.driver.T4CConnection@520ec7a7
2026-04-30 13:01:43 INFO  com.zaxxer.hikari.HikariDataSource - HikariPool-1 - Start completed.
2026-04-30 13:01:43 WARN  org.hibernate.orm.deprecation - HHH90000025: OracleDialect does not need to be specified explicitly using 'hibernate.dialect' (remove the property setting and it will be selected by default)
2026-04-30 13:01:43 WARN  org.hibernate.orm.jdbc - HHH100123: Low default JDBC fetch size: 10 (consider setting 'hibernate.jdbc.fetch_size')
2026-04-30 13:01:43 INFO  o.hibernate.orm.connections.pooling - HHH10001005: Database info:
	Database JDBC URL [jdbc:oracle:thin:@192.168.113.107:1521/xe]
	Database driver: Oracle JDBC driver
	Database dialect: OracleDialect
	Database version: 21.3
	Default catalog/schema: undefined/SG
	Autocommit mode: undefined/unknown
	Isolation level: READ_COMMITTED [default READ_COMMITTED]
	JDBC fetch size: 10
	Pool: DataSourceConnectionProvider
	Minimum pool size: undefined/unknown
	Maximum pool size: undefined/unknown
2026-04-30 13:01:44 INFO  org.hibernate.orm.core - HHH000489: No JTA platform available (set 'hibernate.transaction.jta.platform' to enable JTA platform integration)
2026-04-30 13:01:44 INFO  o.s.o.j.LocalContainerEntityManagerFactoryBean - Initialized JPA EntityManagerFactory for persistence unit 'default'
2026-04-30 13:01:44 INFO  o.s.d.j.r.q.QueryEnhancerFactories - Hibernate is in classpath; If applicable, HQL parser will be used.
2026-04-30 13:01:44 WARN  o.s.b.j.a.JpaBaseConfiguration$JpaWebConfiguration - spring.jpa.open-in-view is enabled by default. Therefore, database queries may be performed during view rendering. Explicitly configure spring.jpa.open-in-view to disable this warning
2026-04-30 13:01:44 INFO  o.s.s.c.a.a.c.InitializeUserDetailsBeanManagerConfigurer$InitializeUserDetailsManagerConfigurer - Global AuthenticationManager configured with UserDetailsService bean with name userDetailsService
2026-04-30 13:01:45 INFO  o.s.b.a.e.web.EndpointLinksResolver - Exposing 1 endpoint beneath base path '/actuator'
2026-04-30 13:01:45 INFO  o.s.boot.tomcat.TomcatWebServer - Tomcat started on port 8087 (http) with context path '/'
2026-04-30 13:01:45 INFO  c.b.reserva.ReservaApplication - Started ReservaApplication in 6.455 seconds (process running for 7.365)
2026-04-30 13:01:47 INFO  o.a.c.c.C.[Tomcat].[localhost].[/] - Initializing Spring DispatcherServlet 'dispatcherServlet'
2026-04-30 13:01:47 INFO  o.s.web.servlet.DispatcherServlet - Initializing Servlet 'dispatcherServlet'
2026-04-30 13:01:47 INFO  o.s.web.servlet.DispatcherServlet - Completed initialization in 2 ms
